<?xml version="1.0" encoding="utf-8"?><testsuites name="pytest tests"><testsuite name="pytest" errors="0" failures="0" skipped="0" tests="5" time="0.590" timestamp="2025-10-23T04:24:15.152961+08:00" hostname="star-SYS-4029GP-TRT"><testcase classname="auto_exec.tests.test_calculator" name="test_addition" time="0.005" /><testcase classname="auto_exec.tests.test_calculator" name="test_subtraction" time="0.003" /><testcase classname="auto_exec.tests.test_calculator" name="test_multiplication" time="0.002" /><testcase classname="auto_exec.tests.test_calculator" name="test_division" time="0.002" /><testcase classname="auto_exec.tests.test_calculator" name="test_division_by_zero" time="0.003" /></testsuite></testsuites>